Microsoft (R) Macro Assembler Version 14.11.25508.2	    02/03/18 18:47:59
Add.asm							     Page 1 - 1



				.386
				.model flat,stdcall
				.stack 4096
				ExitProcess proto,dwExitCode:dword

 00000000			.data
 00000000 0A			val1 SBYTE 10
 00000001 0C			val2 SBYTE 12
 00000002 FE			val3	SBYTE -2
 00000003 00			sum SBYTE ?

 00000000			.code
 00000000			main proc
 00000000  B8 00000000			mov eax, 0
 00000005  A0 00000000 R		mov	al,val1				
 0000000A  02 05 00000001 R		add	al,val2		
 00000010  02 05 00000002 R		add al,val3
 00000016  A2 00000003 R		mov sum,al	

					invoke ExitProcess,0
 0000001B  6A 00	   *	    push   +000000000h
 0000001D  E8 00000000 E   *	    call   ExitProcess
 00000022			main endp
				end main
Microsoft (R) Macro Assembler Version 14.11.25508.2	    02/03/18 18:47:59
Add.asm							     Symbols 2 - 1




Segments and Groups:

                N a m e                 Size     Length   Align   Combine Class

FLAT . . . . . . . . . . . . . .	GROUP
STACK  . . . . . . . . . . . . .	32 Bit	 00001000 DWord	  Stack	  'STACK'	 
_DATA  . . . . . . . . . . . . .	32 Bit	 00000004 DWord	  Public  'DATA'	
_TEXT  . . . . . . . . . . . . .	32 Bit	 00000022 DWord	  Public  'CODE'	


Procedures, parameters, and locals:

                N a m e                 Type     Value    Attr

ExitProcess  . . . . . . . . . .	P Near	 00000000 FLAT	Length= 00000000 External STDCALL
main . . . . . . . . . . . . . .	P Near	 00000000 _TEXT	Length= 00000022 Public STDCALL


Symbols:

                N a m e                 Type     Value    Attr

@CodeSize  . . . . . . . . . . .	Number	 00000000h   
@DataSize  . . . . . . . . . . .	Number	 00000000h   
@Interface . . . . . . . . . . .	Number	 00000003h   
@Model . . . . . . . . . . . . .	Number	 00000007h   
@code  . . . . . . . . . . . . .	Text   	 _TEXT
@data  . . . . . . . . . . . . .	Text   	 FLAT
@fardata?  . . . . . . . . . . .	Text   	 FLAT
@fardata . . . . . . . . . . . .	Text   	 FLAT
@stack . . . . . . . . . . . . .	Text   	 FLAT
sum  . . . . . . . . . . . . . .	Byte	 00000003 _DATA	
val1 . . . . . . . . . . . . . .	Byte	 00000000 _DATA	
val2 . . . . . . . . . . . . . .	Byte	 00000001 _DATA	
val3 . . . . . . . . . . . . . .	Byte	 00000002 _DATA	

	   0 Warnings
	   0 Errors
