Microsoft (R) Macro Assembler Version 14.11.25508.2	    02/15/18 23:03:04
Number4.asm						     Page 1 - 1


				; AddTwo.asm - adds two 32-bit integers.
				; Chapter 3 example

				.386
				.model flat,stdcall
				.stack 4096
				ExitProcess proto,dwExitCode:dword

 00000000			.data
 00000000 11 22 33 44		myBytes	BYTE	11h, 22h, 33h, 44h
 00000004 1234 5678 ABCD	myWords	WORD	1234h, 5678h, 0ABCDh, 0EF01h, 2345h
	   EF01 2345
 0000000E 0000AB23		myDoubles	DWORD	0AB23h, 0BC34h, 0CD54h, 8967h, 6F6Ah
	   0000BC34
	   0000CD54
	   00008967
	   00006F6A
 00000022 0000000E R		myPointer	DWORD	myDoubles




 00000000			.code
 00000000			main proc
 00000000  BE 00000000 R	mov esi, OFFSET myBytes					
 00000005  66| 8B 46 02		mov ax, WORD PTR [esi+2]		; A.	AX = 4433h		
 00000009  A1 00000004 R	mov eax, DWORD PTR myWords		; B.	EAX = 56781234h 		
 0000000E  8B 35 00000022 R	mov esi, myPointer
 00000014  B8 00000000		mov eax, 0
 00000019  66| 8B 46 08		mov ax, WORD PTR [esi+8]		; C.	AX = CD54h

				; mov ax, WORD PTR [esi+1]		; D.	AX = 00ABh 		
				;mov ax, WORD PTR [esi-6]		; E.	AX = ABCDh		

 0000001D  B8 00000000		mov eax, 0
 00000022  66| B8 0004		mov ax, TYPE  myDoubles


				invoke ExitProcess,0
 00000026  6A 00	   *	    push   +000000000h
 00000028  E8 00000000 E   *	    call   ExitProcess
 0000002D			main endp
				end main
Microsoft (R) Macro Assembler Version 14.11.25508.2	    02/15/18 23:03:04
Number4.asm						     Symbols 2 - 1




Segments and Groups:

                N a m e                 Size     Length   Align   Combine Class

FLAT . . . . . . . . . . . . . .	GROUP
STACK  . . . . . . . . . . . . .	32 Bit	 00001000 DWord	  Stack	  'STACK'	 
_DATA  . . . . . . . . . . . . .	32 Bit	 00000026 DWord	  Public  'DATA'	
_TEXT  . . . . . . . . . . . . .	32 Bit	 0000002D DWord	  Public  'CODE'	


Procedures, parameters, and locals:

                N a m e                 Type     Value    Attr

ExitProcess  . . . . . . . . . .	P Near	 00000000 FLAT	Length= 00000000 External STDCALL
main . . . . . . . . . . . . . .	P Near	 00000000 _TEXT	Length= 0000002D Public STDCALL


Symbols:

                N a m e                 Type     Value    Attr

@CodeSize  . . . . . . . . . . .	Number	 00000000h   
@DataSize  . . . . . . . . . . .	Number	 00000000h   
@Interface . . . . . . . . . . .	Number	 00000003h   
@Model . . . . . . . . . . . . .	Number	 00000007h   
@code  . . . . . . . . . . . . .	Text   	 _TEXT
@data  . . . . . . . . . . . . .	Text   	 FLAT
@fardata?  . . . . . . . . . . .	Text   	 FLAT
@fardata . . . . . . . . . . . .	Text   	 FLAT
@stack . . . . . . . . . . . . .	Text   	 FLAT
myBytes  . . . . . . . . . . . .	Byte	 00000000 _DATA	
myDoubles  . . . . . . . . . . .	DWord	 0000000E _DATA	
myPointer  . . . . . . . . . . .	DWord	 00000022 _DATA	
myWords  . . . . . . . . . . . .	Word	 00000004 _DATA	

	   0 Warnings
	   0 Errors
